2025-07-21T01:44:27.573+02:00  WARN 21428 --- [back] [restartedMain] o.h.engine.jdbc.spi.SqlExceptionHelper   : SQL Error: 0, SQLState: 08S01
2025-07-21T01:44:27.588+02:00 ERROR 21428 --- [back] [restartedMain] o.h.engine.jdbc.spi.SqlExceptionHelper   : Communications link failure

The last packet sent successfully to the server was 0 milliseconds ago. The driver has not received any packets from the server.
2025-07-21T01:44:27.590+02:00  WARN 21428 --- [back] [restartedMain] o.h.e.j.e.i.JdbcEnvironmentInitiator     : HHH000342: Could not obtain connection to query metadata

org.hibernate.exception.JDBCConnectionException: unable to obtain isolated JDBC connection [Communications link failure

The last packet sent successfully to the server was 0 milliseconds ago. The driver has not received any packets from the server.] [n/a]
	at org.hibernate.exception.internal.SQLStateConversionDelegate.convert(SQLStateConversionDelegate.java:100) ~[hibernate-core-6.6.13.Final.jar:6.6.13.Final]
	at org.hibernate.exception.internal.StandardSQLExceptionConverter.convert(StandardSQLExceptionConverter.java:58) ~[hibernate-core-6.6.13.Final.jar:6.6.13.Final]
	at org.hibernate.engine.jdbc.spi.SqlExceptionHelper.convert(SqlExceptionHelper.java:108) ~[hibernate-core-6.6.13.Final.jar:6.6.13.Final]
	at org.hibernate.engine.jdbc.spi.SqlExceptionHelper.convert(SqlExceptionHelper.java:94) ~[hibernate-core-6.6.13.Final.jar:6.6.13.Final]
	at org.hibernate.resource.transaction.backend.jdbc.internal.JdbcIsolationDelegate.delegateWork(JdbcIsolationDelegate.java:116) ~[hibernate-core-6.6.13.Final.jar:6.6.13.Final]
	at org.hibernate.engine.jdbc.env.internal.JdbcEnvironmentInitiator.getJdbcEnvironmentUsingJdbcMetadata(JdbcEnvironmentInitiator.java:320) ~[hibernate-core-6.6.13.Final.jar:6.6.13.Final]
	at org.hibernate.engine.jdbc.env.internal.JdbcEnvironmentInitiator.initiateService(JdbcEnvironmentInitiator.java:129) ~[hibernate-core-6.6.13.Final.jar:6.6.13.Final]
	at org.hibernate.engine.jdbc.env.internal.JdbcEnvironmentInitiator.initiateService(JdbcEnvironmentInitiator.java:81) ~[hibernate-core-6.6.13.Final.jar:6.6.13.Final]
	at org.hibernate.boot.registry.internal.StandardServiceRegistryImpl.initiateService(StandardServiceRegistryImpl.java:130) ~[hibernate-core-6.6.13.Final.jar:6.6.13.Final]
	at org.hibernate.service.internal.AbstractServiceRegistryImpl.createService(AbstractServiceRegistryImpl.java:263) ~[hibernate-core-6.6.13.Final.jar:6.6.13.Final]
	at org.hibernate.service.internal.AbstractServiceRegistryImpl.initializeService(AbstractServiceRegistryImpl.java:238) ~[hibernate-core-6.6.13.Final.jar:6.6.13.Final]
	at org.hibernate.service.internal.AbstractServiceRegistryImpl.getService(AbstractServiceRegistryImpl.java:215) ~[hibernate-core-6.6.13.Final.jar:6.6.13.Final]
	at org.hibernate.boot.model.relational.Database.<init>(Database.java:45) ~[hibernate-core-6.6.13.Final.jar:6.6.13.Final]
	at org.hibernate.boot.internal.InFlightMetadataCollectorImpl.getDatabase(InFlightMetadataCollectorImpl.java:226) ~[hibernate-core-6.6.13.Final.jar:6.6.13.Final]
	at org.hibernate.boot.internal.InFlightMetadataCollectorImpl.<init>(InFlightMetadataCollectorImpl.java:194) ~[hibernate-core-6.6.13.Final.jar:6.6.13.Final]
	at org.hibernate.boot.model.process.spi.MetadataBuildingProcess.complete(MetadataBuildingProcess.java:171) ~[hibernate-core-6.6.13.Final.jar:6.6.13.Final]
	at org.hibernate.jpa.boot.internal.EntityManagerFactoryBuilderImpl.metadata(EntityManagerFactoryBuilderImpl.java:1442) ~[hibernate-core-6.6.13.Final.jar:6.6.13.Final]
	at org.hibernate.jpa.boot.internal.EntityManagerFactoryBuilderImpl.build(EntityManagerFactoryBuilderImpl.java:1513) ~[hibernate-core-6.6.13.Final.jar:6.6.13.Final]
	at org.springframework.orm.jpa.vendor.SpringHibernateJpaPersistenceProvider.createContainerEntityManagerFactory(SpringHibernateJpaPersistenceProvider.java:66) ~[spring-orm-6.2.6.jar:6.2.6]
	at org.springframework.orm.jpa.LocalContainerEntityManagerFactoryBean.createNativeEntityManagerFactory(LocalContainerEntityManagerFactoryBean.java:390) ~[spring-orm-6.2.6.jar:6.2.6]
	at org.springframework.orm.jpa.AbstractEntityManagerFactoryBean.buildNativeEntityManagerFactory(AbstractEntityManagerFactoryBean.java:419) ~[spring-orm-6.2.6.jar:6.2.6]
	at org.springframework.orm.jpa.AbstractEntityManagerFactoryBean.afterPropertiesSet(AbstractEntityManagerFactoryBean.java:400) ~[spring-orm-6.2.6.jar:6.2.6]
	at org.springframework.orm.jpa.LocalContainerEntityManagerFactoryBean.afterPropertiesSet(LocalContainerEntityManagerFactoryBean.java:366) ~[spring-orm-6.2.6.jar:6.2.6]
	at org.springframework.beans.factory.support.AbstractAutowireCapableBeanFactory.invokeInitMethods(AbstractAutowireCapableBeanFactory.java:1865) ~[spring-beans-6.2.6.jar:6.2.6]
	at org.springframework.beans.factory.support.AbstractAutowireCapableBeanFactory.initializeBean(AbstractAutowireCapableBeanFactory.java:1814) ~[spring-beans-6.2.6.jar:6.2.6]
	at org.springframework.beans.factory.support.AbstractAutowireCapableBeanFactory.doCreateBean(AbstractAutowireCapableBeanFactory.java:607) ~[spring-beans-6.2.6.jar:6.2.6]
	at org.springframework.beans.factory.support.AbstractAutowireCapableBeanFactory.createBean(AbstractAutowireCapableBeanFactory.java:529) ~[spring-beans-6.2.6.jar:6.2.6]
	at org.springframework.beans.factory.support.AbstractBeanFactory.lambda$doGetBean$0(AbstractBeanFactory.java:339) ~[spring-beans-6.2.6.jar:6.2.6]
	at org.springframework.beans.factory.support.DefaultSingletonBeanRegistry.getSingleton(DefaultSingletonBeanRegistry.java:371) ~[spring-beans-6.2.6.jar:6.2.6]
	at org.springframework.beans.factory.support.AbstractBeanFactory.doGetBean(AbstractBeanFactory.java:337) ~[spring-beans-6.2.6.jar:6.2.6]
	at org.springframework.beans.factory.support.AbstractBeanFactory.getBean(AbstractBeanFactory.java:202) ~[spring-beans-6.2.6.jar:6.2.6]
	at org.springframework.beans.factory.support.BeanDefinitionValueResolver.resolveReference(BeanDefinitionValueResolver.java:365) ~[spring-beans-6.2.6.jar:6.2.6]
	at org.springframework.beans.factory.support.BeanDefinitionValueResolver.resolveValueIfNecessary(BeanDefinitionValueResolver.java:135) ~[spring-beans-6.2.6.jar:6.2.6]
	at org.springframework.beans.factory.support.ConstructorResolver.resolveConstructorArguments(ConstructorResolver.java:691) ~[spring-beans-6.2.6.jar:6.2.6]
	at org.springframework.beans.factory.support.ConstructorResolver.instantiateUsingFactoryMethod(ConstructorResolver.java:513) ~[spring-beans-6.2.6.jar:6.2.6]
	at org.springframework.beans.factory.support.AbstractAutowireCapableBeanFactory.instantiateUsingFactoryMethod(AbstractAutowireCapableBeanFactory.java:1367) ~[spring-beans-6.2.6.jar:6.2.6]
	at org.springframework.beans.factory.support.AbstractAutowireCapableBeanFactory.createBeanInstance(AbstractAutowireCapableBeanFactory.java:1197) ~[spring-beans-6.2.6.jar:6.2.6]
	at org.springframework.beans.factory.support.AbstractAutowireCapableBeanFactory.doCreateBean(AbstractAutowireCapableBeanFactory.java:569) ~[spring-beans-6.2.6.jar:6.2.6]
	at org.springframework.beans.factory.support.AbstractAutowireCapableBeanFactory.createBean(AbstractAutowireCapableBeanFactory.java:529) ~[spring-beans-6.2.6.jar:6.2.6]
	at org.springframework.beans.factory.support.AbstractBeanFactory.lambda$doGetBean$0(AbstractBeanFactory.java:339) ~[spring-beans-6.2.6.jar:6.2.6]
	at org.springframework.beans.factory.support.DefaultSingletonBeanRegistry.getSingleton(DefaultSingletonBeanRegistry.java:371) ~[spring-beans-6.2.6.jar:6.2.6]
	at org.springframework.beans.factory.support.AbstractBeanFactory.doGetBean(AbstractBeanFactory.java:337) ~[spring-beans-6.2.6.jar:6.2.6]
	at org.springframework.beans.factory.support.AbstractBeanFactory.getBean(AbstractBeanFactory.java:202) ~[spring-beans-6.2.6.jar:6.2.6]
	at org.springframework.beans.factory.support.BeanDefinitionValueResolver.resolveReference(BeanDefinitionValueResolver.java:365) ~[spring-beans-6.2.6.jar:6.2.6]
	at org.springframework.beans.factory.support.BeanDefinitionValueResolver.resolveValueIfNecessary(BeanDefinitionValueResolver.java:135) ~[spring-beans-6.2.6.jar:6.2.6]
	at org.springframework.beans.factory.support.AbstractAutowireCapableBeanFactory.applyPropertyValues(AbstractAutowireCapableBeanFactory.java:1717) ~[spring-beans-6.2.6.jar:6.2.6]
	at org.springframework.beans.factory.support.AbstractAutowireCapableBeanFactory.populateBean(AbstractAutowireCapableBeanFactory.java:1466) ~[spring-beans-6.2.6.jar:6.2.6]
	at org.springframework.beans.factory.support.AbstractAutowireCapableBeanFactory.doCreateBean(AbstractAutowireCapableBeanFactory.java:606) ~[spring-beans-6.2.6.jar:6.2.6]
	at org.springframework.beans.factory.support.AbstractAutowireCapableBeanFactory.createBean(AbstractAutowireCapableBeanFactory.java:529) ~[spring-beans-6.2.6.jar:6.2.6]
	at org.springframework.beans.factory.support.AbstractBeanFactory.lambda$doGetBean$0(AbstractBeanFactory.java:339) ~[spring-beans-6.2.6.jar:6.2.6]
	at org.springframework.beans.factory.support.DefaultSingletonBeanRegistry.getSingleton(DefaultSingletonBeanRegistry.java:371) ~[spring-beans-6.2.6.jar:6.2.6]
	at org.springframework.beans.factory.support.AbstractBeanFactory.doGetBean(AbstractBeanFactory.java:337) ~[spring-beans-6.2.6.jar:6.2.6]
	at org.springframework.beans.factory.support.AbstractBeanFactory.getBean(AbstractBeanFactory.java:202) ~[spring-beans-6.2.6.jar:6.2.6]
	at org.springframework.beans.factory.support.DefaultListableBeanFactory.doResolveDependency(DefaultListableBeanFactory.java:1681) ~[spring-beans-6.2.6.jar:6.2.6]
	at org.springframework.beans.factory.support.DefaultListableBeanFactory.resolveDependency(DefaultListableBeanFactory.java:1627) ~[spring-beans-6.2.6.jar:6.2.6]
	at org.springframework.beans.factory.annotation.AutowiredAnnotationBeanPostProcessor$AutowiredFieldElement.resolveFieldValue(AutowiredAnnotationBeanPostProcessor.java:785) ~[spring-beans-6.2.6.jar:6.2.6]
	at org.springframework.beans.factory.annotation.AutowiredAnnotationBeanPostProcessor$AutowiredFieldElement.inject(AutowiredAnnotationBeanPostProcessor.java:768) ~[spring-beans-6.2.6.jar:6.2.6]
	at org.springframework.beans.factory.annotation.InjectionMetadata.inject(InjectionMetadata.java:146) ~[spring-beans-6.2.6.jar:6.2.6]
	at org.springframework.beans.factory.annotation.AutowiredAnnotationBeanPostProcessor.postProcessProperties(AutowiredAnnotationBeanPostProcessor.java:509) ~[spring-beans-6.2.6.jar:6.2.6]
	at org.springframework.beans.factory.support.AbstractAutowireCapableBeanFactory.populateBean(AbstractAutowireCapableBeanFactory.java:1451) ~[spring-beans-6.2.6.jar:6.2.6]
	at org.springframework.beans.factory.support.AbstractAutowireCapableBeanFactory.doCreateBean(AbstractAutowireCapableBeanFactory.java:606) ~[spring-beans-6.2.6.jar:6.2.6]
	at org.springframework.beans.factory.support.AbstractAutowireCapableBeanFactory.createBean(AbstractAutowireCapableBeanFactory.java:529) ~[spring-beans-6.2.6.jar:6.2.6]
	at org.springframework.beans.factory.support.AbstractBeanFactory.lambda$doGetBean$0(AbstractBeanFactory.java:339) ~[spring-beans-6.2.6.jar:6.2.6]
	at org.springframework.beans.factory.support.DefaultSingletonBeanRegistry.getSingleton(DefaultSingletonBeanRegistry.java:371) ~[spring-beans-6.2.6.jar:6.2.6]
	at org.springframework.beans.factory.support.AbstractBeanFactory.doGetBean(AbstractBeanFactory.java:337) ~[spring-beans-6.2.6.jar:6.2.6]
	at org.springframework.beans.factory.support.AbstractBeanFactory.getBean(AbstractBeanFactory.java:202) ~[spring-beans-6.2.6.jar:6.2.6]
	at org.springframework.beans.factory.config.DependencyDescriptor.resolveCandidate(DependencyDescriptor.java:254) ~[spring-beans-6.2.6.jar:6.2.6]
	at org.springframework.beans.factory.support.DefaultListableBeanFactory.doResolveDependency(DefaultListableBeanFactory.java:1739) ~[spring-beans-6.2.6.jar:6.2.6]
	at org.springframework.beans.factory.support.DefaultListableBeanFactory.resolveDependency(DefaultListableBeanFactory.java:1627) ~[spring-beans-6.2.6.jar:6.2.6]
	at org.springframework.beans.factory.annotation.AutowiredAnnotationBeanPostProcessor$AutowiredFieldElement.resolveFieldValue(AutowiredAnnotationBeanPostProcessor.java:785) ~[spring-beans-6.2.6.jar:6.2.6]
	at org.springframework.beans.factory.annotation.AutowiredAnnotationBeanPostProcessor$AutowiredFieldElement.inject(AutowiredAnnotationBeanPostProcessor.java:768) ~[spring-beans-6.2.6.jar:6.2.6]
	at org.springframework.beans.factory.annotation.InjectionMetadata.inject(InjectionMetadata.java:146) ~[spring-beans-6.2.6.jar:6.2.6]
	at org.springframework.beans.factory.annotation.AutowiredAnnotationBeanPostProcessor.postProcessProperties(AutowiredAnnotationBeanPostProcessor.java:509) ~[spring-beans-6.2.6.jar:6.2.6]
	at org.springframework.beans.factory.support.AbstractAutowireCapableBeanFactory.populateBean(AbstractAutowireCapableBeanFactory.java:1451) ~[spring-beans-6.2.6.jar:6.2.6]
	at org.springframework.beans.factory.support.AbstractAutowireCapableBeanFactory.doCreateBean(AbstractAutowireCapableBeanFactory.java:606) ~[spring-beans-6.2.6.jar:6.2.6]
	at org.springframework.beans.factory.support.AbstractAutowireCapableBeanFactory.createBean(AbstractAutowireCapableBeanFactory.java:529) ~[spring-beans-6.2.6.jar:6.2.6]
	at org.springframework.beans.factory.support.AbstractBeanFactory.lambda$doGetBean$0(AbstractBeanFactory.java:339) ~[spring-beans-6.2.6.jar:6.2.6]
	at org.springframework.beans.factory.support.DefaultSingletonBeanRegistry.getSingleton(DefaultSingletonBeanRegistry.java:371) ~[spring-beans-6.2.6.jar:6.2.6]
	at org.springframework.beans.factory.support.AbstractBeanFactory.doGetBean(AbstractBeanFactory.java:337) ~[spring-beans-6.2.6.jar:6.2.6]
	at org.springframework.beans.factory.support.AbstractBeanFactory.getBean(AbstractBeanFactory.java:207) ~[spring-beans-6.2.6.jar:6.2.6]
	at org.springframework.boot.web.servlet.ServletContextInitializerBeans.getOrderedBeansOfType(ServletContextInitializerBeans.java:211) ~[spring-boot-3.4.5.jar:3.4.5]
	at org.springframework.boot.web.servlet.ServletContextInitializerBeans.addAsRegistrationBean(ServletContextInitializerBeans.java:174) ~[spring-boot-3.4.5.jar:3.4.5]
	at org.springframework.boot.web.servlet.ServletContextInitializerBeans.addAsRegistrationBean(ServletContextInitializerBeans.java:169) ~[spring-boot-3.4.5.jar:3.4.5]
	at org.springframework.boot.web.servlet.ServletContextInitializerBeans.addAdaptableBeans(ServletContextInitializerBeans.java:154) ~[spring-boot-3.4.5.jar:3.4.5]
	at org.springframework.boot.web.servlet.ServletContextInitializerBeans.<init>(ServletContextInitializerBeans.java:87) ~[spring-boot-3.4.5.jar:3.4.5]
	at org.springframework.boot.web.servlet.context.ServletWebServerApplicationContext.getServletContextInitializerBeans(ServletWebServerApplicationContext.java:271) ~[spring-boot-3.4.5.jar:3.4.5]
	at org.springframework.boot.web.servlet.context.ServletWebServerApplicationContext.selfInitialize(ServletWebServerApplicationContext.java:245) ~[spring-boot-3.4.5.jar:3.4.5]
	at org.springframework.boot.web.embedded.tomcat.TomcatStarter.onStartup(TomcatStarter.java:52) ~[spring-boot-3.4.5.jar:3.4.5]
	at org.apache.catalina.core.StandardContext.startInternal(StandardContext.java:4464) ~[tomcat-embed-core-10.1.40.jar:10.1.40]
	at org.apache.catalina.util.LifecycleBase.start(LifecycleBase.java:164) ~[tomcat-embed-core-10.1.40.jar:10.1.40]
	at org.apache.catalina.core.ContainerBase$StartChild.call(ContainerBase.java:1203) ~[tomcat-embed-core-10.1.40.jar:10.1.40]
	at org.apache.catalina.core.ContainerBase$StartChild.call(ContainerBase.java:1193) ~[tomcat-embed-core-10.1.40.jar:10.1.40]
	at java.base/java.util.concurrent.FutureTask.run(FutureTask.java:317) ~[na:na]
	at org.apache.tomcat.util.threads.InlineExecutorService.execute(InlineExecutorService.java:75) ~[tomcat-embed-core-10.1.40.jar:10.1.40]
	at java.base/java.util.concurrent.AbstractExecutorService.submit(AbstractExecutorService.java:145) ~[na:na]
	at org.apache.catalina.core.ContainerBase.startInternal(ContainerBase.java:749) ~[tomcat-embed-core-10.1.40.jar:10.1.40]
	at org.apache.catalina.core.StandardHost.startInternal(StandardHost.java:772) ~[tomcat-embed-core-10.1.40.jar:10.1.40]
	at org.apache.catalina.util.LifecycleBase.start(LifecycleBase.java:164) ~[tomcat-embed-core-10.1.40.jar:10.1.40]
	at org.apache.catalina.core.ContainerBase$StartChild.call(ContainerBase.java:1203) ~[tomcat-embed-core-10.1.40.jar:10.1.40]
	at org.apache.catalina.core.ContainerBase$StartChild.call(ContainerBase.java:1193) ~[tomcat-embed-core-10.1.40.jar:10.1.40]
	at java.base/java.util.concurrent.FutureTask.run(FutureTask.java:317) ~[na:na]
	at org.apache.tomcat.util.threads.InlineExecutorService.execute(InlineExecutorService.java:75) ~[tomcat-embed-core-10.1.40.jar:10.1.40]
	at java.base/java.util.concurrent.AbstractExecutorService.submit(AbstractExecutorService.java:145) ~[na:na]
	at org.apache.catalina.core.ContainerBase.startInternal(ContainerBase.java:749) ~[tomcat-embed-core-10.1.40.jar:10.1.40]
	at org.apache.catalina.core.StandardEngine.startInternal(StandardEngine.java:203) ~[tomcat-embed-core-10.1.40.jar:10.1.40]
	at org.apache.catalina.util.LifecycleBase.start(LifecycleBase.java:164) ~[tomcat-embed-core-10.1.40.jar:10.1.40]
	at org.apache.catalina.core.StandardService.startInternal(StandardService.java:412) ~[tomcat-embed-core-10.1.40.jar:10.1.40]
	at org.apache.catalina.util.LifecycleBase.start(LifecycleBase.java:164) ~[tomcat-embed-core-10.1.40.jar:10.1.40]
	at org.apache.catalina.core.StandardServer.startInternal(StandardServer.java:870) ~[tomcat-embed-core-10.1.40.jar:10.1.40]
	at org.apache.catalina.util.LifecycleBase.start(LifecycleBase.java:164) ~[tomcat-embed-core-10.1.40.jar:10.1.40]
	at org.apache.catalina.startup.Tomcat.start(Tomcat.java:438) ~[tomcat-embed-core-10.1.40.jar:10.1.40]
	at org.springframework.boot.web.embedded.tomcat.TomcatWebServer.initialize(TomcatWebServer.java:128) ~[spring-boot-3.4.5.jar:3.4.5]
	at org.springframework.boot.web.embedded.tomcat.TomcatWebServer.<init>(TomcatWebServer.java:107) ~[spring-boot-3.4.5.jar:3.4.5]
	at org.springframework.boot.web.embedded.tomcat.TomcatServletWebServerFactory.getTomcatWebServer(TomcatServletWebServerFactory.java:517) ~[spring-boot-3.4.5.jar:3.4.5]
	at org.springframework.boot.web.embedded.tomcat.TomcatServletWebServerFactory.getWebServer(TomcatServletWebServerFactory.java:219) ~[spring-boot-3.4.5.jar:3.4.5]
	at org.springframework.boot.web.servlet.context.ServletWebServerApplicationContext.createWebServer(ServletWebServerApplicationContext.java:193) ~[spring-boot-3.4.5.jar:3.4.5]
	at org.springframework.boot.web.servlet.context.ServletWebServerApplicationContext.onRefresh(ServletWebServerApplicationContext.java:167) ~[spring-boot-3.4.5.jar:3.4.5]
	at org.springframework.context.support.AbstractApplicationContext.refresh(AbstractApplicationContext.java:621) ~[spring-context-6.2.6.jar:6.2.6]
	at org.springframework.boot.web.servlet.context.ServletWebServerApplicationContext.refresh(ServletWebServerApplicationContext.java:146) ~[spring-boot-3.4.5.jar:3.4.5]
	at org.springframework.boot.SpringApplication.refresh(SpringApplication.java:753) ~[spring-boot-3.4.5.jar:3.4.5]
	at org.springframework.boot.SpringApplication.refreshContext(SpringApplication.java:439) ~[spring-boot-3.4.5.jar:3.4.5]
	at org.springframework.boot.SpringApplication.run(SpringApplication.java:318) ~[spring-boot-3.4.5.jar:3.4.5]
	at org.springframework.boot.SpringApplication.run(SpringApplication.java:1362) ~[spring-boot-3.4.5.jar:3.4.5]
	at org.springframework.boot.SpringApplication.run(SpringApplication.java:1351) ~[spring-boot-3.4.5.jar:3.4.5]
	at com.tfg.back.BackApplication.main(BackApplication.java:27) ~[classes/:na]
	at java.base/jdk.internal.reflect.DirectMethodHandleAccessor.invoke(DirectMethodHandleAccessor.java:103) ~[na:na]
	at java.base/java.lang.reflect.Method.invoke(Method.java:580) ~[na:na]
	at org.springframework.boot.devtools.restart.RestartLauncher.run(RestartLauncher.java:50) ~[spring-boot-devtools-3.4.5.jar:3.4.5]
Caused by: com.mysql.cj.jdbc.exceptions.CommunicationsException: Communications link failure

The last packet sent successfully to the server was 0 milliseconds ago. The driver has not received any packets from the server.
	at com.mysql.cj.jdbc.exceptions.SQLError.createCommunicationsException(SQLError.java:165) ~[mysql-connector-j-9.1.0.jar:9.1.0]
	at com.mysql.cj.jdbc.exceptions.SQLExceptionsMapping.translateException(SQLExceptionsMapping.java:55) ~[mysql-connector-j-9.1.0.jar:9.1.0]
	at com.mysql.cj.jdbc.ConnectionImpl.createNewIO(ConnectionImpl.java:837) ~[mysql-connector-j-9.1.0.jar:9.1.0]
	at com.mysql.cj.jdbc.ConnectionImpl.<init>(ConnectionImpl.java:420) ~[mysql-connector-j-9.1.0.jar:9.1.0]
	at com.mysql.cj.jdbc.ConnectionImpl.getInstance(ConnectionImpl.java:238) ~[mysql-connector-j-9.1.0.jar:9.1.0]
	at com.mysql.cj.jdbc.NonRegisteringDriver.connect(NonRegisteringDriver.java:180) ~[mysql-connector-j-9.1.0.jar:9.1.0]
	at com.zaxxer.hikari.util.DriverDataSource.getConnection(DriverDataSource.java:137) ~[HikariCP-5.1.0.jar:na]
	at com.zaxxer.hikari.pool.PoolBase.newConnection(PoolBase.java:360) ~[HikariCP-5.1.0.jar:na]
	at com.zaxxer.hikari.pool.PoolBase.newPoolEntry(PoolBase.java:202) ~[HikariCP-5.1.0.jar:na]
	at com.zaxxer.hikari.pool.HikariPool.createPoolEntry(HikariPool.java:461) ~[HikariCP-5.1.0.jar:na]
	at com.zaxxer.hikari.pool.HikariPool.checkFailFast(HikariPool.java:550) ~[HikariCP-5.1.0.jar:na]
	at com.zaxxer.hikari.pool.HikariPool.<init>(HikariPool.java:98) ~[HikariCP-5.1.0.jar:na]
	at com.zaxxer.hikari.HikariDataSource.getConnection(HikariDataSource.java:111) ~[HikariCP-5.1.0.jar:na]
	at org.hibernate.engine.jdbc.connections.internal.DatasourceConnectionProviderImpl.getConnection(DatasourceConnectionProviderImpl.java:126) ~[hibernate-core-6.6.13.Final.jar:6.6.13.Final]
	at org.hibernate.engine.jdbc.env.internal.JdbcEnvironmentInitiator$ConnectionProviderJdbcConnectionAccess.obtainConnection(JdbcEnvironmentInitiator.java:467) ~[hibernate-core-6.6.13.Final.jar:6.6.13.Final]
	at org.hibernate.resource.transaction.backend.jdbc.internal.JdbcIsolationDelegate.delegateWork(JdbcIsolationDelegate.java:61) ~[hibernate-core-6.6.13.Final.jar:6.6.13.Final]
	... 123 common frames omitted
Caused by: com.mysql.cj.exceptions.CJCommunicationsException: Communications link failure

The last packet sent successfully to the server was 0 milliseconds ago. The driver has not received any packets from the server.
	at java.base/jdk.internal.reflect.DirectConstructorHandleAccessor.newInstance(DirectConstructorHandleAccessor.java:62) ~[na:na]
	at java.base/java.lang.reflect.Constructor.newInstanceWithCaller(Constructor.java:502) ~[na:na]
	at java.base/java.lang.reflect.Constructor.newInstance(Constructor.java:486) ~[na:na]
	at com.mysql.cj.exceptions.ExceptionFactory.createException(ExceptionFactory.java:52) ~[mysql-connector-j-9.1.0.jar:9.1.0]
	at com.mysql.cj.exceptions.ExceptionFactory.createException(ExceptionFactory.java:95) ~[mysql-connector-j-9.1.0.jar:9.1.0]
	at com.mysql.cj.exceptions.ExceptionFactory.createException(ExceptionFactory.java:140) ~[mysql-connector-j-9.1.0.jar:9.1.0]
	at com.mysql.cj.exceptions.ExceptionFactory.createCommunicationsException(ExceptionFactory.java:156) ~[mysql-connector-j-9.1.0.jar:9.1.0]
	at com.mysql.cj.protocol.a.NativeSocketConnection.connect(NativeSocketConnection.java:79) ~[mysql-connector-j-9.1.0.jar:9.1.0]
	at com.mysql.cj.NativeSession.connect(NativeSession.java:142) ~[mysql-connector-j-9.1.0.jar:9.1.0]
	at com.mysql.cj.jdbc.ConnectionImpl.connectOneTryOnly(ConnectionImpl.java:961) ~[mysql-connector-j-9.1.0.jar:9.1.0]
	at com.mysql.cj.jdbc.ConnectionImpl.createNewIO(ConnectionImpl.java:825) ~[mysql-connector-j-9.1.0.jar:9.1.0]
	... 136 common frames omitted
Caused by: java.net.ConnectException: Connection refused: getsockopt
	at java.base/sun.nio.ch.Net.pollConnect(Native Method) ~[na:na]
	at java.base/sun.nio.ch.Net.pollConnectNow(Net.java:682) ~[na:na]
	at java.base/sun.nio.ch.NioSocketImpl.timedFinishConnect(NioSocketImpl.java:542) ~[na:na]
	at java.base/sun.nio.ch.NioSocketImpl.connect(NioSocketImpl.java:592) ~[na:na]
	at java.base/java.net.SocksSocketImpl.connect(SocksSocketImpl.java:327) ~[na:na]
	at java.base/java.net.Socket.connect(Socket.java:751) ~[na:na]
	at com.mysql.cj.protocol.StandardSocketFactory.connect(StandardSocketFactory.java:144) ~[mysql-connector-j-9.1.0.jar:9.1.0]
	at com.mysql.cj.protocol.a.NativeSocketConnection.connect(NativeSocketConnection.java:53) ~[mysql-connector-j-9.1.0.jar:9.1.0]
	... 139 common frames omitted

2025-07-21T01:44:30.236+02:00 ERROR 21428 --- [back] [restartedMain] j.LocalContainerEntityManagerFactoryBean : Failed to initialize JPA EntityManagerFactory: Unable to create requested service [org.hibernate.engine.jdbc.env.spi.JdbcEnvironment] due to: Unable to determine Dialect without JDBC metadata (please set 'jakarta.persistence.jdbc.url' for common cases or 'hibernate.dialect' when a custom Dialect implementation must be provided)
2025-07-21T01:44:30.238+02:00 ERROR 21428 --- [back] [restartedMain] o.s.b.web.embedded.tomcat.TomcatStarter  : Error starting Tomcat context. Exception: org.springframework.beans.factory.UnsatisfiedDependencyException. Message: Error creating bean with name 'jwtRequestFilter': Unsatisfied dependency expressed through field 'userDetailsService': Error creating bean with name 'myUserDetailsService': Unsatisfied dependency expressed through field 'userRepository': Error creating bean with name 'userRepository' defined in com.tfg.back.repository.UserRepository defined in @EnableJpaRepositories declared on JpaRepositoriesRegistrar.EnableJpaRepositoriesConfiguration: Cannot resolve reference to bean 'jpaSharedEM_entityManagerFactory' while setting bean property 'entityManager'
2025-07-21T01:44:30.333+02:00  WARN 21428 --- [back] [restartedMain] ConfigServletWebServerApplicationContext : Exception encountered during context initialization - cancelling refresh attempt: org.springframework.context.ApplicationContextException: Unable to start web server
2025-07-21T01:44:30.489+02:00 ERROR 21428 --- [back] [restartedMain] o.s.boot.SpringApplication               : Application run failed

org.springframework.context.ApplicationContextException: Unable to start web server
	at org.springframework.boot.web.servlet.context.ServletWebServerApplicationContext.onRefresh(ServletWebServerApplicationContext.java:170) ~[spring-boot-3.4.5.jar:3.4.5]
	at org.springframework.context.support.AbstractApplicationContext.refresh(AbstractApplicationContext.java:621) ~[spring-context-6.2.6.jar:6.2.6]
	at org.springframework.boot.web.servlet.context.ServletWebServerApplicationContext.refresh(ServletWebServerApplicationContext.java:146) ~[spring-boot-3.4.5.jar:3.4.5]
	at org.springframework.boot.SpringApplication.refresh(SpringApplication.java:753) ~[spring-boot-3.4.5.jar:3.4.5]
	at org.springframework.boot.SpringApplication.refreshContext(SpringApplication.java:439) ~[spring-boot-3.4.5.jar:3.4.5]
	at org.springframework.boot.SpringApplication.run(SpringApplication.java:318) ~[spring-boot-3.4.5.jar:3.4.5]
	at org.springframework.boot.SpringApplication.run(SpringApplication.java:1362) ~[spring-boot-3.4.5.jar:3.4.5]
	at org.springframework.boot.SpringApplication.run(SpringApplication.java:1351) ~[spring-boot-3.4.5.jar:3.4.5]
	at com.tfg.back.BackApplication.main(BackApplication.java:27) ~[classes/:na]
	at java.base/jdk.internal.reflect.DirectMethodHandleAccessor.invoke(DirectMethodHandleAccessor.java:103) ~[na:na]
	at java.base/java.lang.reflect.Method.invoke(Method.java:580) ~[na:na]
	at org.springframework.boot.devtools.restart.RestartLauncher.run(RestartLauncher.java:50) ~[spring-boot-devtools-3.4.5.jar:3.4.5]
Caused by: org.springframework.boot.web.server.WebServerException: Unable to start embedded Tomcat
	at org.springframework.boot.web.embedded.tomcat.TomcatWebServer.initialize(TomcatWebServer.java:147) ~[spring-boot-3.4.5.jar:3.4.5]
	at org.springframework.boot.web.embedded.tomcat.TomcatWebServer.<init>(TomcatWebServer.java:107) ~[spring-boot-3.4.5.jar:3.4.5]
	at org.springframework.boot.web.embedded.tomcat.TomcatServletWebServerFactory.getTomcatWebServer(TomcatServletWebServerFactory.java:517) ~[spring-boot-3.4.5.jar:3.4.5]
	at org.springframework.boot.web.embedded.tomcat.TomcatServletWebServerFactory.getWebServer(TomcatServletWebServerFactory.java:219) ~[spring-boot-3.4.5.jar:3.4.5]
	at org.springframework.boot.web.servlet.context.ServletWebServerApplicationContext.createWebServer(ServletWebServerApplicationContext.java:193) ~[spring-boot-3.4.5.jar:3.4.5]
	at org.springframework.boot.web.servlet.context.ServletWebServerApplicationContext.onRefresh(ServletWebServerApplicationContext.java:167) ~[spring-boot-3.4.5.jar:3.4.5]
	... 11 common frames omitted
Caused by: org.springframework.beans.factory.UnsatisfiedDependencyException: Error creating bean with name 'jwtRequestFilter': Unsatisfied dependency expressed through field 'userDetailsService': Error creating bean with name 'myUserDetailsService': Unsatisfied dependency expressed through field 'userRepository': Error creating bean with name 'userRepository' defined in com.tfg.back.repository.UserRepository defined in @EnableJpaRepositories declared on JpaRepositoriesRegistrar.EnableJpaRepositoriesConfiguration: Cannot resolve reference to bean 'jpaSharedEM_entityManagerFactory' while setting bean property 'entityManager'
	at org.springframework.beans.factory.annotation.AutowiredAnnotationBeanPostProcessor$AutowiredFieldElement.resolveFieldValue(AutowiredAnnotationBeanPostProcessor.java:788) ~[spring-beans-6.2.6.jar:6.2.6]
	at org.springframework.beans.factory.annotation.AutowiredAnnotationBeanPostProcessor$AutowiredFieldElement.inject(AutowiredAnnotationBeanPostProcessor.java:768) ~[spring-beans-6.2.6.jar:6.2.6]
	at org.springframework.beans.factory.annotation.InjectionMetadata.inject(InjectionMetadata.java:146) ~[spring-beans-6.2.6.jar:6.2.6]
	at org.springframework.beans.factory.annotation.AutowiredAnnotationBeanPostProcessor.postProcessProperties(AutowiredAnnotationBeanPostProcessor.java:509) ~[spring-beans-6.2.6.jar:6.2.6]
	at org.springframework.beans.factory.support.AbstractAutowireCapableBeanFactory.populateBean(AbstractAutowireCapableBeanFactory.java:1451) ~[spring-beans-6.2.6.jar:6.2.6]
	at org.springframework.beans.factory.support.AbstractAutowireCapableBeanFactory.doCreateBean(AbstractAutowireCapableBeanFactory.java:606) ~[spring-beans-6.2.6.jar:6.2.6]
	at org.springframework.beans.factory.support.AbstractAutowireCapableBeanFactory.createBean(AbstractAutowireCapableBeanFactory.java:529) ~[spring-beans-6.2.6.jar:6.2.6]
	at org.springframework.beans.factory.support.AbstractBeanFactory.lambda$doGetBean$0(AbstractBeanFactory.java:339) ~[spring-beans-6.2.6.jar:6.2.6]
	at org.springframework.beans.factory.support.DefaultSingletonBeanRegistry.getSingleton(DefaultSingletonBeanRegistry.java:371) ~[spring-beans-6.2.6.jar:6.2.6]
	at org.springframework.beans.factory.support.AbstractBeanFactory.doGetBean(AbstractBeanFactory.java:337) ~[spring-beans-6.2.6.jar:6.2.6]
	at org.springframework.beans.factory.support.AbstractBeanFactory.getBean(AbstractBeanFactory.java:207) ~[spring-beans-6.2.6.jar:6.2.6]
	at org.springframework.boot.web.servlet.ServletContextInitializerBeans.getOrderedBeansOfType(ServletContextInitializerBeans.java:211) ~[spring-boot-3.4.5.jar:3.4.5]
	at org.springframework.boot.web.servlet.ServletContextInitializerBeans.addAsRegistrationBean(ServletContextInitializerBeans.java:174) ~[spring-boot-3.4.5.jar:3.4.5]
	at org.springframework.boot.web.servlet.ServletContextInitializerBeans.addAsRegistrationBean(ServletContextInitializerBeans.java:169) ~[spring-boot-3.4.5.jar:3.4.5]
	at org.springframework.boot.web.servlet.ServletContextInitializerBeans.addAdaptableBeans(ServletContextInitializerBeans.java:154) ~[spring-boot-3.4.5.jar:3.4.5]
	at org.springframework.boot.web.servlet.ServletContextInitializerBeans.<init>(ServletContextInitializerBeans.java:87) ~[spring-boot-3.4.5.jar:3.4.5]
	at org.springframework.boot.web.servlet.context.ServletWebServerApplicationContext.getServletContextInitializerBeans(ServletWebServerApplicationContext.java:271) ~[spring-boot-3.4.5.jar:3.4.5]
	at org.springframework.boot.web.servlet.context.ServletWebServerApplicationContext.selfInitialize(ServletWebServerApplicationContext.java:245) ~[spring-boot-3.4.5.jar:3.4.5]
	at org.springframework.boot.web.embedded.tomcat.TomcatStarter.onStartup(TomcatStarter.java:52) ~[spring-boot-3.4.5.jar:3.4.5]
	at org.apache.catalina.core.StandardContext.startInternal(StandardContext.java:4464) ~[tomcat-embed-core-10.1.40.jar:10.1.40]
	at org.apache.catalina.util.LifecycleBase.start(LifecycleBase.java:164) ~[tomcat-embed-core-10.1.40.jar:10.1.40]
	at org.apache.catalina.core.ContainerBase$StartChild.call(ContainerBase.java:1203) ~[tomcat-embed-core-10.1.40.jar:10.1.40]
	at org.apache.catalina.core.ContainerBase$StartChild.call(ContainerBase.java:1193) ~[tomcat-embed-core-10.1.40.jar:10.1.40]
	at java.base/java.util.concurrent.FutureTask.run(FutureTask.java:317) ~[na:na]
	at org.apache.tomcat.util.threads.InlineExecutorService.execute(InlineExecutorService.java:75) ~[tomcat-embed-core-10.1.40.jar:10.1.40]
	at java.base/java.util.concurrent.AbstractExecutorService.submit(AbstractExecutorService.java:145) ~[na:na]
	at org.apache.catalina.core.ContainerBase.startInternal(ContainerBase.java:749) ~[tomcat-embed-core-10.1.40.jar:10.1.40]
	at org.apache.catalina.core.StandardHost.startInternal(StandardHost.java:772) ~[tomcat-embed-core-10.1.40.jar:10.1.40]
	at org.apache.catalina.util.LifecycleBase.start(LifecycleBase.java:164) ~[tomcat-embed-core-10.1.40.jar:10.1.40]
	at org.apache.catalina.core.ContainerBase$StartChild.call(ContainerBase.java:1203) ~[tomcat-embed-core-10.1.40.jar:10.1.40]
	at org.apache.catalina.core.ContainerBase$StartChild.call(ContainerBase.java:1193) ~[tomcat-embed-core-10.1.40.jar:10.1.40]
	at java.base/java.util.concurrent.FutureTask.run(FutureTask.java:317) ~[na:na]
	at org.apache.tomcat.util.threads.InlineExecutorService.execute(InlineExecutorService.java:75) ~[tomcat-embed-core-10.1.40.jar:10.1.40]
	at java.base/java.util.concurrent.AbstractExecutorService.submit(AbstractExecutorService.java:145) ~[na:na]
	at org.apache.catalina.core.ContainerBase.startInternal(ContainerBase.java:749) ~[tomcat-embed-core-10.1.40.jar:10.1.40]
	at org.apache.catalina.core.StandardEngine.startInternal(StandardEngine.java:203) ~[tomcat-embed-core-10.1.40.jar:10.1.40]
	at org.apache.catalina.util.LifecycleBase.start(LifecycleBase.java:164) ~[tomcat-embed-core-10.1.40.jar:10.1.40]
	at org.apache.catalina.core.StandardService.startInternal(StandardService.java:412) ~[tomcat-embed-core-10.1.40.jar:10.1.40]
	at org.apache.catalina.util.LifecycleBase.start(LifecycleBase.java:164) ~[tomcat-embed-core-10.1.40.jar:10.1.40]
	at org.apache.catalina.core.StandardServer.startInternal(StandardServer.java:870) ~[tomcat-embed-core-10.1.40.jar:10.1.40]
	at org.apache.catalina.util.LifecycleBase.start(LifecycleBase.java:164) ~[tomcat-embed-core-10.1.40.jar:10.1.40]
	at org.apache.catalina.startup.Tomcat.start(Tomcat.java:438) ~[tomcat-embed-core-10.1.40.jar:10.1.40]
	at org.springframework.boot.web.embedded.tomcat.TomcatWebServer.initialize(TomcatWebServer.java:128) ~[spring-boot-3.4.5.jar:3.4.5]
	... 16 common frames omitted
Caused by: org.springframework.beans.factory.UnsatisfiedDependencyException: Error creating bean with name 'myUserDetailsService': Unsatisfied dependency expressed through field 'userRepository': Error creating bean with name 'userRepository' defined in com.tfg.back.repository.UserRepository defined in @EnableJpaRepositories declared on JpaRepositoriesRegistrar.EnableJpaRepositoriesConfiguration: Cannot resolve reference to bean 'jpaSharedEM_entityManagerFactory' while setting bean property 'entityManager'
	at org.springframework.beans.factory.annotation.AutowiredAnnotationBeanPostProcessor$AutowiredFieldElement.resolveFieldValue(AutowiredAnnotationBeanPostProcessor.java:788) ~[spring-beans-6.2.6.jar:6.2.6]
	at org.springframework.beans.factory.annotation.AutowiredAnnotationBeanPostProcessor$AutowiredFieldElement.inject(AutowiredAnnotationBeanPostProcessor.java:768) ~[spring-beans-6.2.6.jar:6.2.6]
	at org.springframework.beans.factory.annotation.InjectionMetadata.inject(InjectionMetadata.java:146) ~[spring-beans-6.2.6.jar:6.2.6]
	at org.springframework.beans.factory.annotation.AutowiredAnnotationBeanPostProcessor.postProcessProperties(AutowiredAnnotationBeanPostProcessor.java:509) ~[spring-beans-6.2.6.jar:6.2.6]
	at org.springframework.beans.factory.support.AbstractAutowireCapableBeanFactory.populateBean(AbstractAutowireCapableBeanFactory.java:1451) ~[spring-beans-6.2.6.jar:6.2.6]
	at org.springframework.beans.factory.support.AbstractAutowireCapableBeanFactory.doCreateBean(AbstractAutowireCapableBeanFactory.java:606) ~[spring-beans-6.2.6.jar:6.2.6]
	at org.springframework.beans.factory.support.AbstractAutowireCapableBeanFactory.createBean(AbstractAutowireCapableBeanFactory.java:529) ~[spring-beans-6.2.6.jar:6.2.6]
	at org.springframework.beans.factory.support.AbstractBeanFactory.lambda$doGetBean$0(AbstractBeanFactory.java:339) ~[spring-beans-6.2.6.jar:6.2.6]
	at org.springframework.beans.factory.support.DefaultSingletonBeanRegistry.getSingleton(DefaultSingletonBeanRegistry.java:371) ~[spring-beans-6.2.6.jar:6.2.6]
	at org.springframework.beans.factory.support.AbstractBeanFactory.doGetBean(AbstractBeanFactory.java:337) ~[spring-beans-6.2.6.jar:6.2.6]
	at org.springframework.beans.factory.support.AbstractBeanFactory.getBean(AbstractBeanFactory.java:202) ~[spring-beans-6.2.6.jar:6.2.6]
	at org.springframework.beans.factory.config.DependencyDescriptor.resolveCandidate(DependencyDescriptor.java:254) ~[spring-beans-6.2.6.jar:6.2.6]
	at org.springframework.beans.factory.support.DefaultListableBeanFactory.doResolveDependency(DefaultListableBeanFactory.java:1739) ~[spring-beans-6.2.6.jar:6.2.6]
	at org.springframework.beans.factory.support.DefaultListableBeanFactory.resolveDependency(DefaultListableBeanFactory.java:1627) ~[spring-beans-6.2.6.jar:6.2.6]
	at org.springframework.beans.factory.annotation.AutowiredAnnotationBeanPostProcessor$AutowiredFieldElement.resolveFieldValue(AutowiredAnnotationBeanPostProcessor.java:785) ~[spring-beans-6.2.6.jar:6.2.6]
	... 58 common frames omitted
Caused by: org.springframework.beans.factory.BeanCreationException: Error creating bean with name 'userRepository' defined in com.tfg.back.repository.UserRepository defined in @EnableJpaRepositories declared on JpaRepositoriesRegistrar.EnableJpaRepositoriesConfiguration: Cannot resolve reference to bean 'jpaSharedEM_entityManagerFactory' while setting bean property 'entityManager'
	at org.springframework.beans.factory.support.BeanDefinitionValueResolver.resolveReference(BeanDefinitionValueResolver.java:377) ~[spring-beans-6.2.6.jar:6.2.6]
	at org.springframework.beans.factory.support.BeanDefinitionValueResolver.resolveValueIfNecessary(BeanDefinitionValueResolver.java:135) ~[spring-beans-6.2.6.jar:6.2.6]
	at org.springframework.beans.factory.support.AbstractAutowireCapableBeanFactory.applyPropertyValues(AbstractAutowireCapableBeanFactory.java:1717) ~[spring-beans-6.2.6.jar:6.2.6]
	at org.springframework.beans.factory.support.AbstractAutowireCapableBeanFactory.populateBean(AbstractAutowireCapableBeanFactory.java:1466) ~[spring-beans-6.2.6.jar:6.2.6]
	at org.springframework.beans.factory.support.AbstractAutowireCapableBeanFactory.doCreateBean(AbstractAutowireCapableBeanFactory.java:606) ~[spring-beans-6.2.6.jar:6.2.6]
	at org.springframework.beans.factory.support.AbstractAutowireCapableBeanFactory.createBean(AbstractAutowireCapableBeanFactory.java:529) ~[spring-beans-6.2.6.jar:6.2.6]
	at org.springframework.beans.factory.support.AbstractBeanFactory.lambda$doGetBean$0(AbstractBeanFactory.java:339) ~[spring-beans-6.2.6.jar:6.2.6]
	at org.springframework.beans.factory.support.DefaultSingletonBeanRegistry.getSingleton(DefaultSingletonBeanRegistry.java:371) ~[spring-beans-6.2.6.jar:6.2.6]
	at org.springframework.beans.factory.support.AbstractBeanFactory.doGetBean(AbstractBeanFactory.java:337) ~[spring-beans-6.2.6.jar:6.2.6]
	at org.springframework.beans.factory.support.AbstractBeanFactory.getBean(AbstractBeanFactory.java:202) ~[spring-beans-6.2.6.jar:6.2.6]
	at org.springframework.beans.factory.support.DefaultListableBeanFactory.doResolveDependency(DefaultListableBeanFactory.java:1681) ~[spring-beans-6.2.6.jar:6.2.6]
	at org.springframework.beans.factory.support.DefaultListableBeanFactory.resolveDependency(DefaultListableBeanFactory.java:1627) ~[spring-beans-6.2.6.jar:6.2.6]
	at org.springframework.beans.factory.annotation.AutowiredAnnotationBeanPostProcessor$AutowiredFieldElement.resolveFieldValue(AutowiredAnnotationBeanPostProcessor.java:785) ~[spring-beans-6.2.6.jar:6.2.6]
	... 72 common frames omitted
Caused by: org.springframework.beans.factory.BeanCreationException: Error creating bean with name 'jpaSharedEM_entityManagerFactory': Cannot resolve reference to bean 'entityManagerFactory' while setting constructor argument
	at org.springframework.beans.factory.support.BeanDefinitionValueResolver.resolveReference(BeanDefinitionValueResolver.java:377) ~[spring-beans-6.2.6.jar:6.2.6]
	at org.springframework.beans.factory.support.BeanDefinitionValueResolver.resolveValueIfNecessary(BeanDefinitionValueResolver.java:135) ~[spring-beans-6.2.6.jar:6.2.6]
	at org.springframework.beans.factory.support.ConstructorResolver.resolveConstructorArguments(ConstructorResolver.java:691) ~[spring-beans-6.2.6.jar:6.2.6]
	at org.springframework.beans.factory.support.ConstructorResolver.instantiateUsingFactoryMethod(ConstructorResolver.java:513) ~[spring-beans-6.2.6.jar:6.2.6]
	at org.springframework.beans.factory.support.AbstractAutowireCapableBeanFactory.instantiateUsingFactoryMethod(AbstractAutowireCapableBeanFactory.java:1367) ~[spring-beans-6.2.6.jar:6.2.6]
	at org.springframework.beans.factory.support.AbstractAutowireCapableBeanFactory.createBeanInstance(AbstractAutowireCapableBeanFactory.java:1197) ~[spring-beans-6.2.6.jar:6.2.6]
	at org.springframework.beans.factory.support.AbstractAutowireCapableBeanFactory.doCreateBean(AbstractAutowireCapableBeanFactory.java:569) ~[spring-beans-6.2.6.jar:6.2.6]
	at org.springframework.beans.factory.support.AbstractAutowireCapableBeanFactory.createBean(AbstractAutowireCapableBeanFactory.java:529) ~[spring-beans-6.2.6.jar:6.2.6]
	at org.springframework.beans.factory.support.AbstractBeanFactory.lambda$doGetBean$0(AbstractBeanFactory.java:339) ~[spring-beans-6.2.6.jar:6.2.6]
	at org.springframework.beans.factory.support.DefaultSingletonBeanRegistry.getSingleton(DefaultSingletonBeanRegistry.java:371) ~[spring-beans-6.2.6.jar:6.2.6]
	at org.springframework.beans.factory.support.AbstractBeanFactory.doGetBean(AbstractBeanFactory.java:337) ~[spring-beans-6.2.6.jar:6.2.6]
	at org.springframework.beans.factory.support.AbstractBeanFactory.getBean(AbstractBeanFactory.java:202) ~[spring-beans-6.2.6.jar:6.2.6]
	at org.springframework.beans.factory.support.BeanDefinitionValueResolver.resolveReference(BeanDefinitionValueResolver.java:365) ~[spring-beans-6.2.6.jar:6.2.6]
	... 84 common frames omitted
Caused by: org.springframework.beans.factory.BeanCreationException: Error creating bean with name 'entityManagerFactory' defined in class path resource [org/springframework/boot/autoconfigure/orm/jpa/HibernateJpaConfiguration.class]: Unable to create requested service [org.hibernate.engine.jdbc.env.spi.JdbcEnvironment] due to: Unable to determine Dialect without JDBC metadata (please set 'jakarta.persistence.jdbc.url' for common cases or 'hibernate.dialect' when a custom Dialect implementation must be provided)
	at org.springframework.beans.factory.support.AbstractAutowireCapableBeanFactory.initializeBean(AbstractAutowireCapableBeanFactory.java:1818) ~[spring-beans-6.2.6.jar:6.2.6]
	at org.springframework.beans.factory.support.AbstractAutowireCapableBeanFactory.doCreateBean(AbstractAutowireCapableBeanFactory.java:607) ~[spring-beans-6.2.6.jar:6.2.6]
	at org.springframework.beans.factory.support.AbstractAutowireCapableBeanFactory.createBean(AbstractAutowireCapableBeanFactory.java:529) ~[spring-beans-6.2.6.jar:6.2.6]
	at org.springframework.beans.factory.support.AbstractBeanFactory.lambda$doGetBean$0(AbstractBeanFactory.java:339) ~[spring-beans-6.2.6.jar:6.2.6]
	at org.springframework.beans.factory.support.DefaultSingletonBeanRegistry.getSingleton(DefaultSingletonBeanRegistry.java:371) ~[spring-beans-6.2.6.jar:6.2.6]
	at org.springframework.beans.factory.support.AbstractBeanFactory.doGetBean(AbstractBeanFactory.java:337) ~[spring-beans-6.2.6.jar:6.2.6]
	at org.springframework.beans.factory.support.AbstractBeanFactory.getBean(AbstractBeanFactory.java:202) ~[spring-beans-6.2.6.jar:6.2.6]
	at org.springframework.beans.factory.support.BeanDefinitionValueResolver.resolveReference(BeanDefinitionValueResolver.java:365) ~[spring-beans-6.2.6.jar:6.2.6]
	... 96 common frames omitted
Caused by: org.hibernate.service.spi.ServiceException: Unable to create requested service [org.hibernate.engine.jdbc.env.spi.JdbcEnvironment] due to: Unable to determine Dialect without JDBC metadata (please set 'jakarta.persistence.jdbc.url' for common cases or 'hibernate.dialect' when a custom Dialect implementation must be provided)
	at org.hibernate.service.internal.AbstractServiceRegistryImpl.createService(AbstractServiceRegistryImpl.java:276) ~[hibernate-core-6.6.13.Final.jar:6.6.13.Final]
	at org.hibernate.service.internal.AbstractServiceRegistryImpl.initializeService(AbstractServiceRegistryImpl.java:238) ~[hibernate-core-6.6.13.Final.jar:6.6.13.Final]
	at org.hibernate.service.internal.AbstractServiceRegistryImpl.getService(AbstractServiceRegistryImpl.java:215) ~[hibernate-core-6.6.13.Final.jar:6.6.13.Final]
	at org.hibernate.boot.model.relational.Database.<init>(Database.java:45) ~[hibernate-core-6.6.13.Final.jar:6.6.13.Final]
	at org.hibernate.boot.internal.InFlightMetadataCollectorImpl.getDatabase(InFlightMetadataCollectorImpl.java:226) ~[hibernate-core-6.6.13.Final.jar:6.6.13.Final]
	at org.hibernate.boot.internal.InFlightMetadataCollectorImpl.<init>(InFlightMetadataCollectorImpl.java:194) ~[hibernate-core-6.6.13.Final.jar:6.6.13.Final]
	at org.hibernate.boot.model.process.spi.MetadataBuildingProcess.complete(MetadataBuildingProcess.java:171) ~[hibernate-core-6.6.13.Final.jar:6.6.13.Final]
	at org.hibernate.jpa.boot.internal.EntityManagerFactoryBuilderImpl.metadata(EntityManagerFactoryBuilderImpl.java:1442) ~[hibernate-core-6.6.13.Final.jar:6.6.13.Final]
	at org.hibernate.jpa.boot.internal.EntityManagerFactoryBuilderImpl.build(EntityManagerFactoryBuilderImpl.java:1513) ~[hibernate-core-6.6.13.Final.jar:6.6.13.Final]
	at org.springframework.orm.jpa.vendor.SpringHibernateJpaPersistenceProvider.createContainerEntityManagerFactory(SpringHibernateJpaPersistenceProvider.java:66) ~[spring-orm-6.2.6.jar:6.2.6]
	at org.springframework.orm.jpa.LocalContainerEntityManagerFactoryBean.createNativeEntityManagerFactory(LocalContainerEntityManagerFactoryBean.java:390) ~[spring-orm-6.2.6.jar:6.2.6]
	at org.springframework.orm.jpa.AbstractEntityManagerFactoryBean.buildNativeEntityManagerFactory(AbstractEntityManagerFactoryBean.java:419) ~[spring-orm-6.2.6.jar:6.2.6]
	at org.springframework.orm.jpa.AbstractEntityManagerFactoryBean.afterPropertiesSet(AbstractEntityManagerFactoryBean.java:400) ~[spring-orm-6.2.6.jar:6.2.6]
	at org.springframework.orm.jpa.LocalContainerEntityManagerFactoryBean.afterPropertiesSet(LocalContainerEntityManagerFactoryBean.java:366) ~[spring-orm-6.2.6.jar:6.2.6]
	at org.springframework.beans.factory.support.AbstractAutowireCapableBeanFactory.invokeInitMethods(AbstractAutowireCapableBeanFactory.java:1865) ~[spring-beans-6.2.6.jar:6.2.6]
	at org.springframework.beans.factory.support.AbstractAutowireCapableBeanFactory.initializeBean(AbstractAutowireCapableBeanFactory.java:1814) ~[spring-beans-6.2.6.jar:6.2.6]
	... 103 common frames omitted
Caused by: org.hibernate.HibernateException: Unable to determine Dialect without JDBC metadata (please set 'jakarta.persistence.jdbc.url' for common cases or 'hibernate.dialect' when a custom Dialect implementation must be provided)
	at org.hibernate.engine.jdbc.dialect.internal.DialectFactoryImpl.determineDialect(DialectFactoryImpl.java:191) ~[hibernate-core-6.6.13.Final.jar:6.6.13.Final]
	at org.hibernate.engine.jdbc.dialect.internal.DialectFactoryImpl.buildDialect(DialectFactoryImpl.java:87) ~[hibernate-core-6.6.13.Final.jar:6.6.13.Final]
	at org.hibernate.engine.jdbc.env.internal.JdbcEnvironmentInitiator.getJdbcEnvironmentWithDefaults(JdbcEnvironmentInitiator.java:181) ~[hibernate-core-6.6.13.Final.jar:6.6.13.Final]
	at org.hibernate.engine.jdbc.env.internal.JdbcEnvironmentInitiator.getJdbcEnvironmentUsingJdbcMetadata(JdbcEnvironmentInitiator.java:392) ~[hibernate-core-6.6.13.Final.jar:6.6.13.Final]
	at org.hibernate.engine.jdbc.env.internal.JdbcEnvironmentInitiator.initiateService(JdbcEnvironmentInitiator.java:129) ~[hibernate-core-6.6.13.Final.jar:6.6.13.Final]
	at org.hibernate.engine.jdbc.env.internal.JdbcEnvironmentInitiator.initiateService(JdbcEnvironmentInitiator.java:81) ~[hibernate-core-6.6.13.Final.jar:6.6.13.Final]
	at org.hibernate.boot.registry.internal.StandardServiceRegistryImpl.initiateService(StandardServiceRegistryImpl.java:130) ~[hibernate-core-6.6.13.Final.jar:6.6.13.Final]
	at org.hibernate.service.internal.AbstractServiceRegistryImpl.createService(AbstractServiceRegistryImpl.java:263) ~[hibernate-core-6.6.13.Final.jar:6.6.13.Final]
	... 118 common frames omitted

2025-07-21T01:45:24.249+02:00 DEBUG 16484 --- [back] [restartedMain] org.hibernate.SQL                        : 
    alter table clients 
       modify column membership_level enum ('BASIC','INSURANCE_COVERED','PREMIUM','VIP') not null
2025-07-21T01:45:24.329+02:00 DEBUG 16484 --- [back] [restartedMain] org.hibernate.SQL                        : 
    alter table doctors 
       modify column specialization enum ('CARDIOLOGY','NEUROLOGY','ONCOLOGY','ORTHOPEDICS','PEDIATRICS') not null
2025-07-21T01:45:24.377+02:00 DEBUG 16484 --- [back] [restartedMain] org.hibernate.SQL                        : 
    alter table users 
       modify column status enum ('ACTIVE','INACTIVE','SUSPENDED') not null
2025-07-21T01:45:27.199+02:00  WARN 16484 --- [back] [restartedMain] JpaBaseConfiguration$JpaWebConfiguration : spring.jpa.open-in-view is enabled by default. Therefore, database queries may be performed during view rendering. Explicitly configure spring.jpa.open-in-view to disable this warning
2025-07-21T01:45:27.217+02:00  WARN 16484 --- [back] [restartedMain] r$InitializeUserDetailsManagerConfigurer : Global AuthenticationManager configured with an AuthenticationProvider bean. UserDetailsService beans will not be used by Spring Security for automatically configuring username/password login. Consider removing the AuthenticationProvider bean. Alternatively, consider using the UserDetailsService in a manually instantiated DaoAuthenticationProvider. If the current configuration is intentional, to turn off this warning, increase the logging level of 'org.springframework.security.config.annotation.authentication.configuration.InitializeUserDetailsBeanManagerConfigurer' to ERROR
2025-07-21T01:45:42.182+02:00 DEBUG 16484 --- [back] [http-nio-8080-exec-5] org.hibernate.SQL                        : 
    select
        u1_0.id,
        u1_0.user_type,
        u1_0.address,
        u1_0.created_at,
        u1_0.date_of_birth,
        u1_0.email,
        u1_0.full_name,
        u1_0.hashed_password,
        u1_0.phone_number,
        u1_0.status,
        u1_0.updated_at,
        u1_0.version,
        u1_1.blood_type,
        u1_1.contact_name,
        u1_1.contact_phone,
        u1_1.relationship,
        u1_1.membership_level,
        u1_2.department_id,
        u1_2.medical_license_number,
        u1_2.specialization 
    from
        users u1_0 
    left join
        clients u1_1 
            on u1_0.id=u1_1.client_id 
    left join
        doctors u1_2 
            on u1_0.id=u1_2.doctor_id 
    where
        u1_0.email=?
2025-07-21T01:45:44.394+02:00 DEBUG 16484 --- [back] [http-nio-8080-exec-7] org.hibernate.SQL                        : 
    select
        u1_0.id,
        u1_0.user_type,
        u1_0.address,
        u1_0.created_at,
        u1_0.date_of_birth,
        u1_0.email,
        u1_0.full_name,
        u1_0.hashed_password,
        u1_0.phone_number,
        u1_0.status,
        u1_0.updated_at,
        u1_0.version,
        u1_1.blood_type,
        u1_1.contact_name,
        u1_1.contact_phone,
        u1_1.relationship,
        u1_1.membership_level,
        d1_0.id,
        d1_0.contact_number,
        d1_0.created_at,
        d1_0.description,
        d1_0.head_doctor_id,
        d1_0.location,
        d1_0.name,
        d1_0.updated_at,
        d1_0.version,
        u1_2.medical_license_number,
        u1_2.specialization 
    from
        users u1_0 
    left join
        clients u1_1 
            on u1_0.id=u1_1.client_id 
    left join
        doctors u1_2 
            on u1_0.id=u1_2.doctor_id 
    left join
        departments d1_0 
            on d1_0.id=u1_2.department_id 
    where
        u1_0.id=?
2025-07-21T01:45:44.394+02:00 DEBUG 16484 --- [back] [http-nio-8080-exec-10] org.hibernate.SQL                        : 
    select
        u1_0.id,
        u1_0.user_type,
        u1_0.address,
        u1_0.created_at,
        u1_0.date_of_birth,
        u1_0.email,
        u1_0.full_name,
        u1_0.hashed_password,
        u1_0.phone_number,
        u1_0.status,
        u1_0.updated_at,
        u1_0.version,
        u1_1.blood_type,
        u1_1.contact_name,
        u1_1.contact_phone,
        u1_1.relationship,
        u1_1.membership_level,
        d1_0.id,
        d1_0.contact_number,
        d1_0.created_at,
        d1_0.description,
        d1_0.head_doctor_id,
        d1_0.location,
        d1_0.name,
        d1_0.updated_at,
        d1_0.version,
        u1_2.medical_license_number,
        u1_2.specialization 
    from
        users u1_0 
    left join
        clients u1_1 
            on u1_0.id=u1_1.client_id 
    left join
        doctors u1_2 
            on u1_0.id=u1_2.doctor_id 
    left join
        departments d1_0 
            on d1_0.id=u1_2.department_id 
    where
        u1_0.id=?
2025-07-21T01:45:44.490+02:00 DEBUG 16484 --- [back] [http-nio-8080-exec-7] org.hibernate.SQL                        : 
    select
        c1_0.client_id,
        c1_1.address,
        c1_1.created_at,
        c1_1.date_of_birth,
        c1_1.email,
        c1_1.full_name,
        c1_1.hashed_password,
        c1_1.phone_number,
        c1_1.status,
        c1_1.updated_at,
        c1_1.version,
        c1_0.blood_type,
        c1_0.contact_name,
        c1_0.contact_phone,
        c1_0.relationship,
        c1_0.membership_level 
    from
        clients c1_0 
    join
        users c1_1 
            on c1_0.client_id=c1_1.id 
    where
        c1_0.client_id=?
2025-07-21T01:45:44.599+02:00 DEBUG 16484 --- [back] [http-nio-8080-exec-8] org.hibernate.SQL                        : 
    select
        u1_0.id,
        u1_0.user_type,
        u1_0.address,
        u1_0.created_at,
        u1_0.date_of_birth,
        u1_0.email,
        u1_0.full_name,
        u1_0.hashed_password,
        u1_0.phone_number,
        u1_0.status,
        u1_0.updated_at,
        u1_0.version,
        u1_1.blood_type,
        u1_1.contact_name,
        u1_1.contact_phone,
        u1_1.relationship,
        u1_1.membership_level,
        d1_0.id,
        d1_0.contact_number,
        d1_0.created_at,
        d1_0.description,
        d1_0.head_doctor_id,
        d1_0.location,
        d1_0.name,
        d1_0.updated_at,
        d1_0.version,
        u1_2.medical_license_number,
        u1_2.specialization 
    from
        users u1_0 
    left join
        clients u1_1 
            on u1_0.id=u1_1.client_id 
    left join
        doctors u1_2 
            on u1_0.id=u1_2.doctor_id 
    left join
        departments d1_0 
            on d1_0.id=u1_2.department_id 
    where
        u1_0.id=?
2025-07-21T01:45:44.605+02:00 DEBUG 16484 --- [back] [http-nio-8080-exec-5] org.hibernate.SQL                        : 
    select
        u1_0.id,
        u1_0.user_type,
        u1_0.address,
        u1_0.created_at,
        u1_0.date_of_birth,
        u1_0.email,
        u1_0.full_name,
        u1_0.hashed_password,
        u1_0.phone_number,
        u1_0.status,
        u1_0.updated_at,
        u1_0.version,
        u1_1.blood_type,
        u1_1.contact_name,
        u1_1.contact_phone,
        u1_1.relationship,
        u1_1.membership_level,
        d1_0.id,
        d1_0.contact_number,
        d1_0.created_at,
        d1_0.description,
        d1_0.head_doctor_id,
        d1_0.location,
        d1_0.name,
        d1_0.updated_at,
        d1_0.version,
        u1_2.medical_license_number,
        u1_2.specialization 
    from
        users u1_0 
    left join
        clients u1_1 
            on u1_0.id=u1_1.client_id 
    left join
        doctors u1_2 
            on u1_0.id=u1_2.doctor_id 
    left join
        departments d1_0 
            on d1_0.id=u1_2.department_id 
    where
        u1_0.id=?
2025-07-21T01:45:44.616+02:00 DEBUG 16484 --- [back] [http-nio-8080-exec-9] org.hibernate.SQL                        : 
    select
        u1_0.id,
        u1_0.user_type,
        u1_0.address,
        u1_0.created_at,
        u1_0.date_of_birth,
        u1_0.email,
        u1_0.full_name,
        u1_0.hashed_password,
        u1_0.phone_number,
        u1_0.status,
        u1_0.updated_at,
        u1_0.version,
        u1_1.blood_type,
        u1_1.contact_name,
        u1_1.contact_phone,
        u1_1.relationship,
        u1_1.membership_level,
        d1_0.id,
        d1_0.contact_number,
        d1_0.created_at,
        d1_0.description,
        d1_0.head_doctor_id,
        d1_0.location,
        d1_0.name,
        d1_0.updated_at,
        d1_0.version,
        u1_2.medical_license_number,
        u1_2.specialization 
    from
        users u1_0 
    left join
        clients u1_1 
            on u1_0.id=u1_1.client_id 
    left join
        doctors u1_2 
            on u1_0.id=u1_2.doctor_id 
    left join
        departments d1_0 
            on d1_0.id=u1_2.department_id 
    where
        u1_0.id=?
2025-07-21T01:45:44.648+02:00 DEBUG 16484 --- [back] [http-nio-8080-exec-5] org.hibernate.SQL                        : 
    select
        c1_1.full_name 
    from
        clients c1_0 
    join
        users c1_1 
            on c1_0.client_id=c1_1.id 
    where
        c1_0.client_id=?
2025-07-21T01:45:44.650+02:00 DEBUG 16484 --- [back] [http-nio-8080-exec-8] org.hibernate.SQL                        : 
    select
        count(n1_0.id) 
    from
        notifications n1_0 
    left join
        users u1_0 
            on u1_0.id=n1_0.user_id 
    where
        u1_0.id=? 
        and not(n1_0.seen)
2025-07-21T01:45:44.667+02:00 DEBUG 16484 --- [back] [http-nio-8080-exec-9] org.hibernate.SQL                        : 
    select
        a1_0.id,
        a1_0.appointment_date_time,
        a1_0.client_id,
        a1_0.created_at,
        a1_0.department_id,
        a1_0.diagnosis,
        a1_0.doctor_id,
        a1_0.reason,
        a1_0.status,
        a1_0.type,
        a1_0.updated_at,
        a1_0.version 
    from
        appointments a1_0 
    where
        a1_0.client_id=? 
        and a1_0.status<>'CANCELLED' 
    order by
        a1_0.appointment_date_time desc 
    limit
        ?
2025-07-21T01:45:44.714+02:00 DEBUG 16484 --- [back] [http-nio-8080-exec-9] org.hibernate.SQL                        : 
    select
        mp1_0.id,
        mp1_0.created_at,
        mp1_0.dosage,
        mp1_0.end_date,
        mp1_0.frequency,
        mp1_0.medication_name,
        mp1_0.notes,
        mp1_0.prescribed_by_id,
        mp1_0.prescribed_to_id,
        mp1_0.start_date,
        mp1_0.status,
        mp1_0.updated_at,
        mp1_0.version 
    from
        medical_prescriptions mp1_0 
    where
        mp1_0.prescribed_to_id=? 
    order by
        mp1_0.created_at desc 
    limit
        ?
2025-07-21T01:45:44.736+02:00 DEBUG 16484 --- [back] [http-nio-8080-exec-9] org.hibernate.SQL                        : 
    select
        n1_0.id,
        n1_0.date,
        n1_0.message,
        n1_0.seen,
        n1_0.title,
        n1_0.type,
        n1_0.user_id 
    from
        notifications n1_0 
    left join
        users u1_0 
            on u1_0.id=n1_0.user_id 
    where
        u1_0.id=? 
        and not(n1_0.seen) 
    order by
        n1_0.date desc 
    limit
        ?
2025-07-21T01:45:44.751+02:00 DEBUG 16484 --- [back] [http-nio-8080-exec-9] org.hibernate.SQL                        : 
    select
        c1_0.client_id,
        c1_1.address,
        c1_1.created_at,
        c1_1.date_of_birth,
        c1_1.email,
        c1_1.full_name,
        c1_1.hashed_password,
        c1_1.phone_number,
        c1_1.status,
        c1_1.updated_at,
        c1_1.version,
        c1_0.blood_type,
        c1_0.contact_name,
        c1_0.contact_phone,
        c1_0.relationship,
        c1_0.membership_level 
    from
        clients c1_0 
    join
        users c1_1 
            on c1_0.client_id=c1_1.id 
    where
        c1_0.client_id=?
2025-07-21T01:45:44.762+02:00 DEBUG 16484 --- [back] [http-nio-8080-exec-9] org.hibernate.SQL                        : 
    select
        d1_0.doctor_id,
        d1_1.address,
        d1_1.created_at,
        d1_1.date_of_birth,
        d1_1.email,
        d1_1.full_name,
        d1_1.hashed_password,
        d1_1.phone_number,
        d1_1.status,
        d1_1.updated_at,
        d1_1.version,
        d2_0.id,
        d2_0.contact_number,
        d2_0.created_at,
        d2_0.description,
        d2_0.head_doctor_id,
        d2_0.location,
        d2_0.name,
        d2_0.updated_at,
        d2_0.version,
        d1_0.medical_license_number,
        d1_0.specialization 
    from
        doctors d1_0 
    join
        users d1_1 
            on d1_0.doctor_id=d1_1.id 
    left join
        departments d2_0 
            on d2_0.id=d1_0.department_id 
    where
        d1_0.doctor_id=?
2025-07-21T01:45:48.694+02:00 DEBUG 16484 --- [back] [http-nio-8080-exec-1] org.hibernate.SQL                        : 
    select
        u1_0.id,
        u1_0.user_type,
        u1_0.address,
        u1_0.created_at,
        u1_0.date_of_birth,
        u1_0.email,
        u1_0.full_name,
        u1_0.hashed_password,
        u1_0.phone_number,
        u1_0.status,
        u1_0.updated_at,
        u1_0.version,
        u1_1.blood_type,
        u1_1.contact_name,
        u1_1.contact_phone,
        u1_1.relationship,
        u1_1.membership_level,
        d1_0.id,
        d1_0.contact_number,
        d1_0.created_at,
        d1_0.description,
        d1_0.head_doctor_id,
        d1_0.location,
        d1_0.name,
        d1_0.updated_at,
        d1_0.version,
        u1_2.medical_license_number,
        u1_2.specialization 
    from
        users u1_0 
    left join
        clients u1_1 
            on u1_0.id=u1_1.client_id 
    left join
        doctors u1_2 
            on u1_0.id=u1_2.doctor_id 
    left join
        departments d1_0 
            on d1_0.id=u1_2.department_id 
    where
        u1_0.id=?
2025-07-21T01:45:48.736+02:00 DEBUG 16484 --- [back] [http-nio-8080-exec-1] org.hibernate.SQL                        : 
    select
        n1_0.id,
        n1_0.date,
        n1_0.message,
        n1_0.seen,
        n1_0.title,
        n1_0.type,
        n1_0.user_id 
    from
        notifications n1_0 
    left join
        users u1_0 
            on u1_0.id=n1_0.user_id 
    where
        u1_0.id=? 
    order by
        n1_0.date desc 
    limit
        ?
2025-07-21T01:45:48.752+02:00 DEBUG 16484 --- [back] [http-nio-8080-exec-1] org.hibernate.SQL                        : 
    select
        count(n1_0.id) 
    from
        notifications n1_0 
    left join
        users u1_0 
            on u1_0.id=n1_0.user_id 
    where
        u1_0.id=?
2025-07-21T01:45:48.759+02:00  WARN 16484 --- [back] [http-nio-8080-exec-1] ration$PageModule$WarningLoggingModifier : Serializing PageImpl instances as-is is not supported, meaning that there is no guarantee about the stability of the resulting JSON structure!
	For a stable JSON structure, please use Spring Data's PagedModel (globally via @EnableSpringDataWebSupport(pageSerializationMode = VIA_DTO))
	or Spring HATEOAS and Spring Data's PagedResourcesAssembler as documented in https://docs.spring.io/spring-data/commons/reference/repositories/core-extensions.html#core.web.pageables.

2025-07-21T01:45:50.412+02:00 DEBUG 16484 --- [back] [http-nio-8080-exec-7] org.hibernate.SQL                        : 
    select
        u1_0.id,
        u1_0.user_type,
        u1_0.address,
        u1_0.created_at,
        u1_0.date_of_birth,
        u1_0.email,
        u1_0.full_name,
        u1_0.hashed_password,
        u1_0.phone_number,
        u1_0.status,
        u1_0.updated_at,
        u1_0.version,
        u1_1.blood_type,
        u1_1.contact_name,
        u1_1.contact_phone,
        u1_1.relationship,
        u1_1.membership_level,
        d1_0.id,
        d1_0.contact_number,
        d1_0.created_at,
        d1_0.description,
        d1_0.head_doctor_id,
        d1_0.location,
        d1_0.name,
        d1_0.updated_at,
        d1_0.version,
        u1_2.medical_license_number,
        u1_2.specialization 
    from
        users u1_0 
    left join
        clients u1_1 
            on u1_0.id=u1_1.client_id 
    left join
        doctors u1_2 
            on u1_0.id=u1_2.doctor_id 
    left join
        departments d1_0 
            on d1_0.id=u1_2.department_id 
    where
        u1_0.id=?
2025-07-21T01:45:50.445+02:00 DEBUG 16484 --- [back] [http-nio-8080-exec-7] org.hibernate.SQL                        : 
    select
        a1_0.id,
        a1_0.appointment_date_time,
        a1_0.client_id,
        a1_0.created_at,
        a1_0.department_id,
        a1_0.diagnosis,
        a1_0.doctor_id,
        a1_0.reason,
        a1_0.status,
        a1_0.type,
        a1_0.updated_at,
        a1_0.version 
    from
        appointments a1_0 
    left join
        clients c1_0 
            on c1_0.client_id=a1_0.client_id 
    where
        c1_0.client_id=? 
        and a1_0.appointment_date_time>? 
        and a1_0.status in (?, ?, ?) 
    order by
        a1_0.appointment_date_time desc 
    limit
        ?
2025-07-21T01:45:52.543+02:00 DEBUG 16484 --- [back] [http-nio-8080-exec-6] org.hibernate.SQL                        : 
    select
        u1_0.id,
        u1_0.user_type,
        u1_0.address,
        u1_0.created_at,
        u1_0.date_of_birth,
        u1_0.email,
        u1_0.full_name,
        u1_0.hashed_password,
        u1_0.phone_number,
        u1_0.status,
        u1_0.updated_at,
        u1_0.version,
        u1_1.blood_type,
        u1_1.contact_name,
        u1_1.contact_phone,
        u1_1.relationship,
        u1_1.membership_level,
        d1_0.id,
        d1_0.contact_number,
        d1_0.created_at,
        d1_0.description,
        d1_0.head_doctor_id,
        d1_0.location,
        d1_0.name,
        d1_0.updated_at,
        d1_0.version,
        u1_2.medical_license_number,
        u1_2.specialization 
    from
        users u1_0 
    left join
        clients u1_1 
            on u1_0.id=u1_1.client_id 
    left join
        doctors u1_2 
            on u1_0.id=u1_2.doctor_id 
    left join
        departments d1_0 
            on d1_0.id=u1_2.department_id 
    where
        u1_0.id=?
2025-07-21T01:45:52.557+02:00 DEBUG 16484 --- [back] [http-nio-8080-exec-5] org.hibernate.SQL                        : 
    select
        u1_0.id,
        u1_0.user_type,
        u1_0.address,
        u1_0.created_at,
        u1_0.date_of_birth,
        u1_0.email,
        u1_0.full_name,
        u1_0.hashed_password,
        u1_0.phone_number,
        u1_0.status,
        u1_0.updated_at,
        u1_0.version,
        u1_1.blood_type,
        u1_1.contact_name,
        u1_1.contact_phone,
        u1_1.relationship,
        u1_1.membership_level,
        d1_0.id,
        d1_0.contact_number,
        d1_0.created_at,
        d1_0.description,
        d1_0.head_doctor_id,
        d1_0.location,
        d1_0.name,
        d1_0.updated_at,
        d1_0.version,
        u1_2.medical_license_number,
        u1_2.specialization 
    from
        users u1_0 
    left join
        clients u1_1 
            on u1_0.id=u1_1.client_id 
    left join
        doctors u1_2 
            on u1_0.id=u1_2.doctor_id 
    left join
        departments d1_0 
            on d1_0.id=u1_2.department_id 
    where
        u1_0.id=?
2025-07-21T01:45:52.605+02:00 DEBUG 16484 --- [back] [http-nio-8080-exec-5] org.hibernate.SQL                        : 
    select
        lr1_0.id,
        lr1_0.created_at,
        lr1_0.notes,
        lr1_0.ordered_by_id,
        lr1_0.patient_id,
        lr1_0.reference_range,
        lr1_0.result_date,
        lr1_0.result_value,
        lr1_0.status,
        lr1_0.test_name,
        lr1_0.unit,
        lr1_0.updated_at,
        lr1_0.version 
    from
        lab_results lr1_0 
    left join
        clients p1_0 
            on p1_0.client_id=lr1_0.patient_id 
    where
        p1_0.client_id=? 
    limit
        ?
2025-07-21T01:45:52.621+02:00 DEBUG 16484 --- [back] [http-nio-8080-exec-6] org.hibernate.SQL                        : 
    select
        mp1_0.id,
        mp1_0.created_at,
        mp1_0.dosage,
        mp1_0.end_date,
        mp1_0.frequency,
        mp1_0.medication_name,
        mp1_0.notes,
        mp1_0.prescribed_by_id,
        mp1_0.prescribed_to_id,
        mp1_0.start_date,
        mp1_0.status,
        mp1_0.updated_at,
        mp1_0.version 
    from
        medical_prescriptions mp1_0 
    join
        clients pt1_0 
            on pt1_0.client_id=mp1_0.prescribed_to_id 
    left join
        users pt1_1 
            on pt1_0.client_id=pt1_1.id 
    where
        mp1_0.prescribed_to_id=? 
        and lower(mp1_0.medication_name) like ? escape '' 
        or lower(pt1_1.full_name) like ? escape '' 
    limit
        ?
2025-07-21T01:45:52.626+02:00 DEBUG 16484 --- [back] [http-nio-8080-exec-5] org.hibernate.SQL                        : 
    select
        d1_0.doctor_id,
        d1_1.address,
        d1_1.created_at,
        d1_1.date_of_birth,
        d1_1.email,
        d1_1.full_name,
        d1_1.hashed_password,
        d1_1.phone_number,
        d1_1.status,
        d1_1.updated_at,
        d1_1.version,
        d2_0.id,
        d2_0.contact_number,
        d2_0.created_at,
        d2_0.description,
        d2_0.head_doctor_id,
        d2_0.location,
        d2_0.name,
        d2_0.updated_at,
        d2_0.version,
        d1_0.medical_license_number,
        d1_0.specialization 
    from
        doctors d1_0 
    join
        users d1_1 
            on d1_0.doctor_id=d1_1.id 
    left join
        departments d2_0 
            on d2_0.id=d1_0.department_id 
    where
        d1_0.doctor_id=?
2025-07-21T01:45:52.633+02:00 DEBUG 16484 --- [back] [http-nio-8080-exec-5] org.hibernate.SQL                        : 
    select
        c1_0.client_id,
        c1_1.address,
        c1_1.created_at,
        c1_1.date_of_birth,
        c1_1.email,
        c1_1.full_name,
        c1_1.hashed_password,
        c1_1.phone_number,
        c1_1.status,
        c1_1.updated_at,
        c1_1.version,
        c1_0.blood_type,
        c1_0.contact_name,
        c1_0.contact_phone,
        c1_0.relationship,
        c1_0.membership_level 
    from
        clients c1_0 
    join
        users c1_1 
            on c1_0.client_id=c1_1.id 
    where
        c1_0.client_id=?
2025-07-21T01:45:52.635+02:00 DEBUG 16484 --- [back] [http-nio-8080-exec-6] org.hibernate.SQL                        : 
    select
        count(mp1_0.id) 
    from
        medical_prescriptions mp1_0 
    join
        clients pt1_0 
            on pt1_0.client_id=mp1_0.prescribed_to_id 
    join
        users pt1_1 
            on pt1_0.client_id=pt1_1.id 
    where
        mp1_0.prescribed_to_id=? 
        and lower(mp1_0.medication_name) like ? escape '' 
        or lower(pt1_1.full_name) like ? escape ''
2025-07-21T01:45:52.643+02:00 DEBUG 16484 --- [back] [http-nio-8080-exec-6] org.hibernate.SQL                        : 
    select
        d1_0.doctor_id,
        d1_1.address,
        d1_1.created_at,
        d1_1.date_of_birth,
        d1_1.email,
        d1_1.full_name,
        d1_1.hashed_password,
        d1_1.phone_number,
        d1_1.status,
        d1_1.updated_at,
        d1_1.version,
        d2_0.id,
        d2_0.contact_number,
        d2_0.created_at,
        d2_0.description,
        d2_0.head_doctor_id,
        d2_0.location,
        d2_0.name,
        d2_0.updated_at,
        d2_0.version,
        d1_0.medical_license_number,
        d1_0.specialization 
    from
        doctors d1_0 
    join
        users d1_1 
            on d1_0.doctor_id=d1_1.id 
    left join
        departments d2_0 
            on d2_0.id=d1_0.department_id 
    where
        d1_0.doctor_id=?
2025-07-21T01:45:52.652+02:00 DEBUG 16484 --- [back] [http-nio-8080-exec-6] org.hibernate.SQL                        : 
    select
        c1_0.client_id,
        c1_1.address,
        c1_1.created_at,
        c1_1.date_of_birth,
        c1_1.email,
        c1_1.full_name,
        c1_1.hashed_password,
        c1_1.phone_number,
        c1_1.status,
        c1_1.updated_at,
        c1_1.version,
        c1_0.blood_type,
        c1_0.contact_name,
        c1_0.contact_phone,
        c1_0.relationship,
        c1_0.membership_level 
    from
        clients c1_0 
    join
        users c1_1 
            on c1_0.client_id=c1_1.id 
    where
        c1_0.client_id=?
2025-07-21T01:45:55.578+02:00 DEBUG 16484 --- [back] [http-nio-8080-exec-9] org.hibernate.SQL                        : 
    select
        u1_0.id,
        u1_0.user_type,
        u1_0.address,
        u1_0.created_at,
        u1_0.date_of_birth,
        u1_0.email,
        u1_0.full_name,
        u1_0.hashed_password,
        u1_0.phone_number,
        u1_0.status,
        u1_0.updated_at,
        u1_0.version,
        u1_1.blood_type,
        u1_1.contact_name,
        u1_1.contact_phone,
        u1_1.relationship,
        u1_1.membership_level,
        d1_0.id,
        d1_0.contact_number,
        d1_0.created_at,
        d1_0.description,
        d1_0.head_doctor_id,
        d1_0.location,
        d1_0.name,
        d1_0.updated_at,
        d1_0.version,
        u1_2.medical_license_number,
        u1_2.specialization 
    from
        users u1_0 
    left join
        clients u1_1 
            on u1_0.id=u1_1.client_id 
    left join
        doctors u1_2 
            on u1_0.id=u1_2.doctor_id 
    left join
        departments d1_0 
            on d1_0.id=u1_2.department_id 
    where
        u1_0.id=?
2025-07-21T01:45:55.611+02:00 DEBUG 16484 --- [back] [http-nio-8080-exec-9] org.hibernate.SQL                        : 
    select
        mp1_0.id,
        mp1_0.created_at,
        mp1_0.dosage,
        mp1_0.end_date,
        mp1_0.frequency,
        mp1_0.medication_name,
        mp1_0.notes,
        mp1_0.prescribed_by_id,
        mp1_0.prescribed_to_id,
        mp1_0.start_date,
        mp1_0.status,
        mp1_0.updated_at,
        mp1_0.version 
    from
        medical_prescriptions mp1_0 
    where
        mp1_0.id=?
2025-07-21T01:45:55.966+02:00 DEBUG 16484 --- [back] [http-nio-8080-exec-9] org.hibernate.SQL                        : 
    select
        c1_0.client_id,
        c1_1.address,
        c1_1.created_at,
        c1_1.date_of_birth,
        c1_1.email,
        c1_1.full_name,
        c1_1.hashed_password,
        c1_1.phone_number,
        c1_1.status,
        c1_1.updated_at,
        c1_1.version,
        c1_0.blood_type,
        c1_0.contact_name,
        c1_0.contact_phone,
        c1_0.relationship,
        c1_0.membership_level 
    from
        clients c1_0 
    join
        users c1_1 
            on c1_0.client_id=c1_1.id 
    where
        c1_0.client_id=?
2025-07-21T01:45:55.972+02:00 DEBUG 16484 --- [back] [http-nio-8080-exec-9] org.hibernate.SQL                        : 
    select
        d1_0.doctor_id,
        d1_1.address,
        d1_1.created_at,
        d1_1.date_of_birth,
        d1_1.email,
        d1_1.full_name,
        d1_1.hashed_password,
        d1_1.phone_number,
        d1_1.status,
        d1_1.updated_at,
        d1_1.version,
        d2_0.id,
        d2_0.contact_number,
        d2_0.created_at,
        d2_0.description,
        d2_0.head_doctor_id,
        d2_0.location,
        d2_0.name,
        d2_0.updated_at,
        d2_0.version,
        d1_0.medical_license_number,
        d1_0.specialization 
    from
        doctors d1_0 
    join
        users d1_1 
            on d1_0.doctor_id=d1_1.id 
    left join
        departments d2_0 
            on d2_0.id=d1_0.department_id 
    where
        d1_0.doctor_id=?
2025-07-21T01:46:01.671+02:00 DEBUG 16484 --- [back] [http-nio-8080-exec-1] org.hibernate.SQL                        : 
    select
        u1_0.id,
        u1_0.user_type,
        u1_0.address,
        u1_0.created_at,
        u1_0.date_of_birth,
        u1_0.email,
        u1_0.full_name,
        u1_0.hashed_password,
        u1_0.phone_number,
        u1_0.status,
        u1_0.updated_at,
        u1_0.version,
        u1_1.blood_type,
        u1_1.contact_name,
        u1_1.contact_phone,
        u1_1.relationship,
        u1_1.membership_level,
        d1_0.id,
        d1_0.contact_number,
        d1_0.created_at,
        d1_0.description,
        d1_0.head_doctor_id,
        d1_0.location,
        d1_0.name,
        d1_0.updated_at,
        d1_0.version,
        u1_2.medical_license_number,
        u1_2.specialization 
    from
        users u1_0 
    left join
        clients u1_1 
            on u1_0.id=u1_1.client_id 
    left join
        doctors u1_2 
            on u1_0.id=u1_2.doctor_id 
    left join
        departments d1_0 
            on d1_0.id=u1_2.department_id 
    where
        u1_0.id=?
2025-07-21T01:46:01.688+02:00 DEBUG 16484 --- [back] [http-nio-8080-exec-1] org.hibernate.SQL                        : 
    select
        a1_0.id,
        a1_0.appointment_date_time,
        a1_0.client_id,
        a1_0.created_at,
        a1_0.department_id,
        a1_0.diagnosis,
        a1_0.doctor_id,
        a1_0.reason,
        a1_0.status,
        a1_0.type,
        a1_0.updated_at,
        a1_0.version 
    from
        appointments a1_0 
    left join
        clients c1_0 
            on c1_0.client_id=a1_0.client_id 
    where
        c1_0.client_id=? 
        and a1_0.appointment_date_time>? 
        and a1_0.status in (?, ?, ?) 
    order by
        a1_0.appointment_date_time desc 
    limit
        ?
2025-07-21T01:46:03.325+02:00 DEBUG 16484 --- [back] [http-nio-8080-exec-7] org.hibernate.SQL                        : 
    select
        u1_0.id,
        u1_0.user_type,
        u1_0.address,
        u1_0.created_at,
        u1_0.date_of_birth,
        u1_0.email,
        u1_0.full_name,
        u1_0.hashed_password,
        u1_0.phone_number,
        u1_0.status,
        u1_0.updated_at,
        u1_0.version,
        u1_1.blood_type,
        u1_1.contact_name,
        u1_1.contact_phone,
        u1_1.relationship,
        u1_1.membership_level,
        d1_0.id,
        d1_0.contact_number,
        d1_0.created_at,
        d1_0.description,
        d1_0.head_doctor_id,
        d1_0.location,
        d1_0.name,
        d1_0.updated_at,
        d1_0.version,
        u1_2.medical_license_number,
        u1_2.specialization 
    from
        users u1_0 
    left join
        clients u1_1 
            on u1_0.id=u1_1.client_id 
    left join
        doctors u1_2 
            on u1_0.id=u1_2.doctor_id 
    left join
        departments d1_0 
            on d1_0.id=u1_2.department_id 
    where
        u1_0.id=?
2025-07-21T01:46:03.348+02:00 DEBUG 16484 --- [back] [http-nio-8080-exec-7] org.hibernate.SQL                        : 
    select
        a1_0.id,
        a1_0.appointment_date_time,
        a1_0.client_id,
        a1_0.created_at,
        a1_0.department_id,
        a1_0.diagnosis,
        a1_0.doctor_id,
        a1_0.reason,
        a1_0.status,
        a1_0.type,
        a1_0.updated_at,
        a1_0.version 
    from
        appointments a1_0 
    left join
        clients c1_0 
            on c1_0.client_id=a1_0.client_id 
    where
        c1_0.client_id=? 
        and a1_0.appointment_date_time<? 
    order by
        a1_0.appointment_date_time desc 
    limit
        ?
2025-07-21T01:46:03.358+02:00 DEBUG 16484 --- [back] [http-nio-8080-exec-7] org.hibernate.SQL                        : 
    select
        count(a1_0.id) 
    from
        appointments a1_0 
    left join
        clients c1_0 
            on c1_0.client_id=a1_0.client_id 
    where
        c1_0.client_id=? 
        and a1_0.appointment_date_time<?
2025-07-21T01:46:03.364+02:00 DEBUG 16484 --- [back] [http-nio-8080-exec-7] org.hibernate.SQL                        : 
    select
        c1_0.client_id,
        c1_1.address,
        c1_1.created_at,
        c1_1.date_of_birth,
        c1_1.email,
        c1_1.full_name,
        c1_1.hashed_password,
        c1_1.phone_number,
        c1_1.status,
        c1_1.updated_at,
        c1_1.version,
        c1_0.blood_type,
        c1_0.contact_name,
        c1_0.contact_phone,
        c1_0.relationship,
        c1_0.membership_level 
    from
        clients c1_0 
    join
        users c1_1 
            on c1_0.client_id=c1_1.id 
    where
        c1_0.client_id=?
2025-07-21T01:46:03.373+02:00 DEBUG 16484 --- [back] [http-nio-8080-exec-7] org.hibernate.SQL                        : 
    select
        d1_0.doctor_id,
        d1_1.address,
        d1_1.created_at,
        d1_1.date_of_birth,
        d1_1.email,
        d1_1.full_name,
        d1_1.hashed_password,
        d1_1.phone_number,
        d1_1.status,
        d1_1.updated_at,
        d1_1.version,
        d2_0.id,
        d2_0.contact_number,
        d2_0.created_at,
        d2_0.description,
        d2_0.head_doctor_id,
        d2_0.location,
        d2_0.name,
        d2_0.updated_at,
        d2_0.version,
        d1_0.medical_license_number,
        d1_0.specialization 
    from
        doctors d1_0 
    join
        users d1_1 
            on d1_0.doctor_id=d1_1.id 
    left join
        departments d2_0 
            on d2_0.id=d1_0.department_id 
    where
        d1_0.doctor_id=?
2025-07-21T01:46:04.009+02:00 DEBUG 16484 --- [back] [http-nio-8080-exec-4] org.hibernate.SQL                        : 
    select
        u1_0.id,
        u1_0.user_type,
        u1_0.address,
        u1_0.created_at,
        u1_0.date_of_birth,
        u1_0.email,
        u1_0.full_name,
        u1_0.hashed_password,
        u1_0.phone_number,
        u1_0.status,
        u1_0.updated_at,
        u1_0.version,
        u1_1.blood_type,
        u1_1.contact_name,
        u1_1.contact_phone,
        u1_1.relationship,
        u1_1.membership_level,
        d1_0.id,
        d1_0.contact_number,
        d1_0.created_at,
        d1_0.description,
        d1_0.head_doctor_id,
        d1_0.location,
        d1_0.name,
        d1_0.updated_at,
        d1_0.version,
        u1_2.medical_license_number,
        u1_2.specialization 
    from
        users u1_0 
    left join
        clients u1_1 
            on u1_0.id=u1_1.client_id 
    left join
        doctors u1_2 
            on u1_0.id=u1_2.doctor_id 
    left join
        departments d1_0 
            on d1_0.id=u1_2.department_id 
    where
        u1_0.id=?
2025-07-21T01:46:04.063+02:00 DEBUG 16484 --- [back] [http-nio-8080-exec-4] org.hibernate.SQL                        : 
    select
        a1_0.id,
        a1_0.appointment_date_time,
        a1_0.client_id,
        a1_0.created_at,
        a1_0.department_id,
        a1_0.diagnosis,
        a1_0.doctor_id,
        a1_0.reason,
        a1_0.status,
        a1_0.type,
        a1_0.updated_at,
        a1_0.version 
    from
        appointments a1_0 
    where
        a1_0.id=?
2025-07-21T01:47:28.631+02:00 DEBUG 24652 --- [back] [restartedMain] org.hibernate.SQL                        : 
    alter table clients 
       modify column membership_level enum ('BASIC','INSURANCE_COVERED','PREMIUM','VIP') not null
2025-07-21T01:47:28.670+02:00 DEBUG 24652 --- [back] [restartedMain] org.hibernate.SQL                        : 
    alter table doctors 
       modify column specialization enum ('CARDIOLOGY','NEUROLOGY','ONCOLOGY','ORTHOPEDICS','PEDIATRICS') not null
2025-07-21T01:47:28.703+02:00 DEBUG 24652 --- [back] [restartedMain] org.hibernate.SQL                        : 
    alter table users 
       modify column status enum ('ACTIVE','INACTIVE','SUSPENDED') not null
2025-07-21T01:47:31.069+02:00  WARN 24652 --- [back] [restartedMain] JpaBaseConfiguration$JpaWebConfiguration : spring.jpa.open-in-view is enabled by default. Therefore, database queries may be performed during view rendering. Explicitly configure spring.jpa.open-in-view to disable this warning
2025-07-21T01:47:31.089+02:00  WARN 24652 --- [back] [restartedMain] r$InitializeUserDetailsManagerConfigurer : Global AuthenticationManager configured with an AuthenticationProvider bean. UserDetailsService beans will not be used by Spring Security for automatically configuring username/password login. Consider removing the AuthenticationProvider bean. Alternatively, consider using the UserDetailsService in a manually instantiated DaoAuthenticationProvider. If the current configuration is intentional, to turn off this warning, increase the logging level of 'org.springframework.security.config.annotation.authentication.configuration.InitializeUserDetailsBeanManagerConfigurer' to ERROR
2025-07-21T01:47:32.624+02:00 DEBUG 24652 --- [back] [http-nio-8080-exec-2] org.hibernate.SQL                        : 
    select
        u1_0.id,
        u1_0.user_type,
        u1_0.address,
        u1_0.created_at,
        u1_0.date_of_birth,
        u1_0.email,
        u1_0.full_name,
        u1_0.hashed_password,
        u1_0.phone_number,
        u1_0.status,
        u1_0.updated_at,
        u1_0.version,
        u1_1.blood_type,
        u1_1.contact_name,
        u1_1.contact_phone,
        u1_1.relationship,
        u1_1.membership_level,
        d1_0.id,
        d1_0.contact_number,
        d1_0.created_at,
        d1_0.description,
        d1_0.head_doctor_id,
        d1_0.location,
        d1_0.name,
        d1_0.updated_at,
        d1_0.version,
        u1_2.medical_license_number,
        u1_2.specialization 
    from
        users u1_0 
    left join
        clients u1_1 
            on u1_0.id=u1_1.client_id 
    left join
        doctors u1_2 
            on u1_0.id=u1_2.doctor_id 
    left join
        departments d1_0 
            on d1_0.id=u1_2.department_id 
    where
        u1_0.id=?
